<?xml version="1.0" encoding="UTF-8"?>
<!-- Generated by org.testng.reporters.JUnitReportReporter -->
<testsuite skipped="0" hostname="DESKTOP-U0P6E5B" name="com.tests.WOPositiveLoginTest" tests="1" failures="0" timestamp="03 Mar 2018 23:41:08 GMT" time="3.480" errors="0">
  <testcase name="positiveLoginTest" time="3.480" classname="com.tests.WOPositiveLoginTest"/>
</testsuite> <!-- com.tests.WOPositiveLoginTest -->
