<?xml version="1.0" encoding="UTF-8"?>
<!-- Generated by org.testng.reporters.JUnitReportReporter -->
<testsuite skipped="0" hostname="DESKTOP-U0P6E5B" name="com.tests.WONegativeLoginTest" tests="1" failures="0" timestamp="03 Mar 2018 23:50:49 GMT" time="2.817" errors="0">
  <testcase name="blankPassword" time="2.817" classname="com.tests.WONegativeLoginTest"/>
</testsuite> <!-- com.tests.WONegativeLoginTest -->
